Error BASE/1003  No existe la variable: MNUM_LUGAR
Funcoes: MASTCUSTO.PRG->(b)MASTCUSTO(36)
Funcoes: ->INKEY(0)
Funcoes: tgetlist.prg->HBGETLIST:READER(208)
Funcoes: getsys.prg->READMODAL(141)
Funcoes: MASTCUSTO.PRG->MASTCUSTO(78)
Funcoes: MAST00.PRG->AFTERINKEY(838)
Funcoes: MAST00.PRG->(b)MASTER0(753)
Funcoes: ->INKEY(0)
Funcoes: MAST00.PRG->MASTER0(757)
Funcoes: MASTFUN.PRG->SENHA(406)
Funcoes: SISMASTER.PRG->MAIN(535)
********************************************************************************
Data e Hora........: 02/10/23 - 12:14:29
Empresa............: RESTAURANTE PANELA DE BARRO
Sistema/Atualizacao: .: SISMASTER :. Sistema Automacao Hotel e Restaurante - v23.10.02
Usuario do Sistema.: 999
Nome do Executavel.: C:\HTI\SISMASTER\sismaster.EXE
Nome do Micro......: HELIO-PC - Nome Terminal: Helio
Memoria Disponivel.: 2097151 - Espaço em Disco....: 13944381440
Pasta de Diretorio.: HTI\SISMASTER
Sistema Operacional: Windows NT Professional 6.02.9200